2026-01-20 11:28:26.536481+00:00: DEBUG: update_order_api called for ID=75, Status=cancelled_by_admin
2026-01-20 11:28:26.538045+00:00: DEBUG: admin_cancel_reason=Cannot Ship to Address
2026-01-20 11:28:26.561897+00:00: DEBUG: Status matches 'cancelled_by_admin', entering email block.
2026-01-20 11:28:26.564516+00:00: DEBUG: Preparing email for harishjharish24@gmail.com
2026-01-20 11:28:26.572165+00:00: DEBUG: Error sending cancellation email: Traceback (most recent call last):
  File "C:\Users\HARISH\Downloads\boutique_backend admin work\boutique_backend\boutique_backend\adminpanel\views.py", line 1104, in update_order_api
    html_content = render_to_string("customer/emails/admin_cancellation_email.html", {
                   ^^^^^^^^^^^^^^^^
NameError: name 'render_to_string' is not defined

2026-01-20 11:28:26.572165+00:00: Error sending cancellation email: name 'render_to_string' is not defined
2026-01-20 11:30:03.728962+00:00: DEBUG: update_order_api called for ID=75, Status=pending
2026-01-20 11:30:03.729468+00:00: DEBUG: admin_cancel_reason=
2026-01-20 11:30:12.777627+00:00: DEBUG: update_order_api called for ID=75, Status=cancelled_by_admin
2026-01-20 11:30:12.777627+00:00: DEBUG: admin_cancel_reason=Payment Verification Failed
2026-01-20 11:30:12.795127+00:00: DEBUG: Status matches 'cancelled_by_admin', entering email block.
2026-01-20 11:30:12.796696+00:00: DEBUG: Preparing email for harishjharish24@gmail.com
2026-01-20 11:30:18.692526+00:00: DEBUG: Admin Cancellation Email SENT successfully to harishjharish24@gmail.com
2026-02-02 04:18:23.709742+00:00: DEBUG: update_order_api called for ID=83, Status=shipping
2026-02-02 04:18:23.711247+00:00: DEBUG: admin_cancel_reason=
2026-02-02 04:19:23.157699+00:00: DEBUG: update_order_api called for ID=83, Status=delivered
2026-02-02 04:19:23.158713+00:00: DEBUG: admin_cancel_reason=
2026-02-02 04:31:22.479585+00:00: DEBUG: update_order_api called for ID=83, Status=cancelled_by_admin
2026-02-02 04:31:22.480606+00:00: DEBUG: admin_cancel_reason=Suspected Fraud
2026-02-02 04:31:22.508916+00:00: DEBUG: Status matches 'cancelled_by_admin', entering email block.
2026-02-02 04:31:22.511507+00:00: DEBUG: Preparing email for harishjharish24@gmail.com
2026-02-02 04:31:26.932357+00:00: DEBUG: Admin Cancellation Email SENT successfully to harishjharish24@gmail.com
2026-02-02 05:39:00.224067+00:00: DEBUG: update_order_api called for ID=83, Status=delivered
2026-02-02 05:39:00.225075+00:00: DEBUG: admin_cancel_reason=
2026-02-04 09:28:58.775048+00:00: DEBUG: update_order_api called for ID=83, Status=shipped
2026-02-04 09:28:58.776179+00:00: DEBUG: admin_cancel_reason=
